INFO:root:2022-02-22: Started Program
INFO:root:2022-02-22: grabbing call data
INFO:root:2022-02-22: Looking for data... 
INFO:root:2022-02-22: Found Header at 1,2
INFO:root:2022-02-22: Found Header at 1,3
INFO:root:2022-02-22: Found Header at 1,4
INFO:root:2022-02-22: Found Header at 1,5
INFO:root:2022-02-22: Found Header at 1,6
INFO:root:2022-02-22: Found entry at 12,1
INFO:root:2022-02-22: Found All required entries
INFO:root:2022-02-22: Sorted Headers list for display
INFO:root:2022-02-22: Displaying data found in expedia_report_monthly_january_2018
INFO:root:2022-02-22: Displayed item 1: Calls Offered: 16915
INFO:root:2022-02-22: Displayed item 2: Abandon after 30s: 0.0232%
INFO:root:2022-02-22: Displayed item 3: FCR: 0.865%
INFO:root:2022-02-22: Displayed item 4: DSAT: 0.142%
INFO:root:2022-02-22: Displayed item 5: CSAT: 0.783%
INFO:root:2022-02-22: Program Finished
INFO:root:2022-02-22: grabbing VOC data from expedia_report_monthly_january_2018.xlsx
INFO:root:2022-02-22 Entry for promoters is good
INFO:root:2022-02-22 Entry for passives is bad
INFO:root:2022-02-22 Entry for dectractors is bad
